ARM GAS  /tmp/ccqbS7Qp.s 			page 1


   1              		.cpu cortex-m4
   2              		.eabi_attribute 27, 1
   3              		.eabi_attribute 28, 1
   4              		.eabi_attribute 20, 1
   5              		.eabi_attribute 21, 1
   6              		.eabi_attribute 23, 3
   7              		.eabi_attribute 24, 1
   8              		.eabi_attribute 25, 1
   9              		.eabi_attribute 26, 1
  10              		.eabi_attribute 30, 1
  11              		.eabi_attribute 34, 1
  12              		.eabi_attribute 18, 4
  13              		.file	"config.cpp"
  14              		.text
  15              	.Ltext0:
  16              		.cfi_sections	.debug_frame
  17              	.Letext0:
  18              		.file 1 "/opt/gcc-arm-none-eabi-9-2020-q2/arm-none-eabi/include/machine/_default_types.h"
  19              		.file 2 "/opt/gcc-arm-none-eabi-9-2020-q2/arm-none-eabi/include/sys/_stdint.h"
  20              		.file 3 "/opt/gcc-arm-none-eabi-9-2020-q2/arm-none-eabi/include/stdint.h"
  21              		.file 4 "Drivers/CMSIS/Include/core_cm4.h"
  22              		.file 5 "Drivers/CMSIS/Device/ST/STM32L4xx/Include/system_stm32l4xx.h"
  23              		.file 6 "Drivers/CMSIS/Device/ST/STM32L4xx/Include/stm32l452xx.h"
  24              		.file 7 "/opt/gcc-arm-none-eabi-9-2020-q2/lib/gcc/arm-none-eabi/9.3.1/include/stddef.h"
  25              		.file 8 "Drivers/STM32L4xx_HAL_Driver/Inc/stm32l4xx_hal_def.h"
  26              		.file 9 "Drivers/STM32L4xx_HAL_Driver/Inc/stm32l4xx_hal_dma.h"
  27              		.file 10 "Drivers/STM32L4xx_HAL_Driver/Inc/stm32l4xx_hal_flash.h"
  28              		.file 11 "Drivers/STM32L4xx_HAL_Driver/Inc/stm32l4xx_hal_tim.h"
  29              		.file 12 "Drivers/STM32L4xx_HAL_Driver/Inc/stm32l4xx_hal_uart.h"
  30              		.file 13 "Drivers/STM32L4xx_HAL_Driver/Inc/stm32l4xx_hal.h"
  31              		.file 14 "/opt/gcc-arm-none-eabi-9-2020-q2/arm-none-eabi/include/c++/9.3.1/bits/basic_string.h"
  32              		.file 15 "/opt/gcc-arm-none-eabi-9-2020-q2/arm-none-eabi/include/c++/9.3.1/type_traits"
  33              		.file 16 "/opt/gcc-arm-none-eabi-9-2020-q2/arm-none-eabi/include/c++/9.3.1/arm-none-eabi/thumb/v7e
  34              		.file 17 "/opt/gcc-arm-none-eabi-9-2020-q2/arm-none-eabi/include/c++/9.3.1/bits/stl_pair.h"
  35              		.file 18 "/opt/gcc-arm-none-eabi-9-2020-q2/arm-none-eabi/include/c++/9.3.1/debug/debug.h"
  36              		.file 19 "/opt/gcc-arm-none-eabi-9-2020-q2/arm-none-eabi/include/c++/9.3.1/cwchar"
  37              		.file 20 "/opt/gcc-arm-none-eabi-9-2020-q2/arm-none-eabi/include/c++/9.3.1/bits/char_traits.h"
  38              		.file 21 "/opt/gcc-arm-none-eabi-9-2020-q2/arm-none-eabi/include/c++/9.3.1/cstdint"
  39              		.file 22 "/opt/gcc-arm-none-eabi-9-2020-q2/arm-none-eabi/include/c++/9.3.1/bits/exception_ptr.h"
  40              		.file 23 "/opt/gcc-arm-none-eabi-9-2020-q2/arm-none-eabi/include/c++/9.3.1/new"
  41              		.file 24 "/opt/gcc-arm-none-eabi-9-2020-q2/arm-none-eabi/include/c++/9.3.1/bits/allocator.h"
  42              		.file 25 "/opt/gcc-arm-none-eabi-9-2020-q2/arm-none-eabi/include/c++/9.3.1/clocale"
  43              		.file 26 "/opt/gcc-arm-none-eabi-9-2020-q2/arm-none-eabi/include/c++/9.3.1/limits"
  44              		.file 27 "/opt/gcc-arm-none-eabi-9-2020-q2/arm-none-eabi/include/c++/9.3.1/string_view"
  45              		.file 28 "/opt/gcc-arm-none-eabi-9-2020-q2/arm-none-eabi/include/c++/9.3.1/cstdlib"
  46              		.file 29 "/opt/gcc-arm-none-eabi-9-2020-q2/arm-none-eabi/include/c++/9.3.1/cstdio"
  47              		.file 30 "/opt/gcc-arm-none-eabi-9-2020-q2/arm-none-eabi/include/c++/9.3.1/bits/alloc_traits.h"
  48              		.file 31 "/opt/gcc-arm-none-eabi-9-2020-q2/arm-none-eabi/include/c++/9.3.1/initializer_list"
  49              		.file 32 "/opt/gcc-arm-none-eabi-9-2020-q2/arm-none-eabi/include/c++/9.3.1/bits/stringfwd.h"
  50              		.file 33 "/opt/gcc-arm-none-eabi-9-2020-q2/arm-none-eabi/include/c++/9.3.1/utility"
  51              		.file 34 "/opt/gcc-arm-none-eabi-9-2020-q2/arm-none-eabi/include/c++/9.3.1/bits/stl_vector.h"
  52              		.file 35 "/opt/gcc-arm-none-eabi-9-2020-q2/arm-none-eabi/include/c++/9.3.1/bits/vector.tcc"
  53              		.file 36 "/opt/gcc-arm-none-eabi-9-2020-q2/arm-none-eabi/include/c++/9.3.1/bits/stl_iterator_base_
  54              		.file 37 "/opt/gcc-arm-none-eabi-9-2020-q2/arm-none-eabi/include/c++/9.3.1/bits/std_abs.h"
  55              		.file 38 "/opt/gcc-arm-none-eabi-9-2020-q2/arm-none-eabi/include/c++/9.3.1/bits/uses_allocator.h"
  56              		.file 39 "/opt/gcc-arm-none-eabi-9-2020-q2/arm-none-eabi/include/c++/9.3.1/tuple"
  57              		.file 40 "/opt/gcc-arm-none-eabi-9-2020-q2/arm-none-eabi/include/c++/9.3.1/bits/predefined_ops.h"
ARM GAS  /tmp/ccqbS7Qp.s 			page 2


  58              		.file 41 "/opt/gcc-arm-none-eabi-9-2020-q2/arm-none-eabi/include/c++/9.3.1/ext/new_allocator.h"
  59              		.file 42 "/opt/gcc-arm-none-eabi-9-2020-q2/arm-none-eabi/include/c++/9.3.1/ext/numeric_traits.h"
  60              		.file 43 "/opt/gcc-arm-none-eabi-9-2020-q2/arm-none-eabi/include/c++/9.3.1/ext/alloc_traits.h"
  61              		.file 44 "/opt/gcc-arm-none-eabi-9-2020-q2/arm-none-eabi/include/c++/9.3.1/bits/stl_iterator.h"
  62              		.file 45 "/opt/gcc-arm-none-eabi-9-2020-q2/arm-none-eabi/include/sys/_types.h"
  63              		.file 46 "/opt/gcc-arm-none-eabi-9-2020-q2/arm-none-eabi/include/sys/reent.h"
  64              		.file 47 "/opt/gcc-arm-none-eabi-9-2020-q2/arm-none-eabi/include/sys/lock.h"
  65              		.file 48 "/opt/gcc-arm-none-eabi-9-2020-q2/lib/gcc/arm-none-eabi/9.3.1/include/stdarg.h"
  66              		.file 49 "/opt/gcc-arm-none-eabi-9-2020-q2/arm-none-eabi/include/wchar.h"
  67              		.file 50 "/opt/gcc-arm-none-eabi-9-2020-q2/arm-none-eabi/include/locale.h"
  68              		.file 51 "/opt/gcc-arm-none-eabi-9-2020-q2/arm-none-eabi/include/ctype.h"
  69              		.file 52 "/opt/gcc-arm-none-eabi-9-2020-q2/arm-none-eabi/include/stdlib.h"
  70              		.file 53 "/opt/gcc-arm-none-eabi-9-2020-q2/arm-none-eabi/include/stdio.h"
  71              		.file 54 "/opt/gcc-arm-none-eabi-9-2020-q2/arm-none-eabi/include/sys/errno.h"
  72              		.file 55 "alohal/irq/irq_handler.hpp"
  73              		.file 56 "alohal/irq/irq_observer.hpp"
  74              		.file 57 "alohal/uart/serial_line.hpp"
  75              		.file 58 "/opt/gcc-arm-none-eabi-9-2020-q2/arm-none-eabi/include/c++/9.3.1/stdlib.h"
  76              		.file 59 "Middlewares/ST/STM32_USB_Device_Library/Core/Inc/usbd_def.h"
  77              		.file 60 "Middlewares/ST/STM32_USB_Device_Library/Class/CDC/Inc/usbd_cdc.h"
  78              		.file 61 "Inc/usbd_cdc_if.h"
  79              		.file 62 "alohal/usb/cdc_vcp.hpp"
  80              		.file 63 "alohal/mcu/configuration/externs.hpp"
  81              		.file 64 "alohal/globals.hpp"
  82              		.file 65 "alohal/irq/irq_multi_handler.hpp"
  83              		.file 66 "alohal/uart/uart.hpp"
  84              		.file 67 "alohal/timer/TIM_channel.hpp"
  85              		.file 68 "alohal/timer/timer.hpp"
  86              		.file 69 "<built-in>"
ARM GAS  /tmp/ccqbS7Qp.s 			page 3


DEFINED SYMBOLS
                            *ABS*:0000000000000000 config.cpp

NO UNDEFINED SYMBOLS
